<?xml version="1.0" encoding="UTF-8"?>
<!-- Generated by org.testng.reporters.JUnitXMLReporter -->
<testsuite ignored="0" hostname="LAPTOP-44JSEHBS" failures="0" tests="6" name="Default test" time="11.734" errors="0" timestamp="2023-06-29T21:25:34 IST">
  <testcase classname="api.test.DDTests" name="testPostUser" time="2.988"/>
  <testcase classname="api.test.DDTests" name="testPostUser" time="1.548"/>
  <testcase classname="api.test.DDTests" name="testPostUser" time="1.527"/>
  <testcase classname="api.test.DDTests" name="testDeleteUserByName" time="1.541"/>
  <testcase classname="api.test.DDTests" name="testDeleteUserByName" time="1.532"/>
  <testcase classname="api.test.DDTests" name="testDeleteUserByName" time="1.434"/>
</testsuite> <!-- Default test -->
