<?xml version="1.0" encoding="UTF-8"?>
<!-- Generated by org.testng.reporters.JUnitXMLReporter -->
<testsuite ignored="0" hostname="LAPTOP-44JSEHBS" failures="0" tests="6" name="Default test" time="11.688" errors="0" timestamp="2023-10-10T10:15:41 IST">
  <testcase classname="api.test.DDTests" name="testPostUser" time="2.631"/>
  <testcase classname="api.test.DDTests" name="testPostUser" time="1.196"/>
  <testcase classname="api.test.DDTests" name="testPostUser" time="1.276"/>
  <testcase classname="api.test.DDTests" name="testDeleteUserByName" time="1.942"/>
  <testcase classname="api.test.DDTests" name="testDeleteUserByName" time="1.227"/>
  <testcase classname="api.test.DDTests" name="testDeleteUserByName" time="1.729"/>
</testsuite> <!-- Default test -->
