<?xml version="1.0" encoding="UTF-8"?>
<!-- Generated by org.testng.reporters.JUnitXMLReporter -->
<testsuite ignored="0" hostname="LAPTOP-44JSEHBS" failures="0" tests="10" name="PetTest" time="16.65" errors="0" timestamp="2023-10-05T20:46:15 IST">
  <testcase classname="api.test.UserTests2" name="testPostUser" time="2.473"/>
  <testcase classname="api.test.UserTests2" name="testGetUserByName" time="1.248"/>
  <testcase classname="api.test.UserTests2" name="testUpdateUserByName" time="2.432"/>
  <testcase classname="api.test.UserTests2" name="testDeleteUserByName" time="1.2"/>
  <testcase classname="api.test.DDTests" name="testPostUser" time="1.208"/>
  <testcase classname="api.test.DDTests" name="testPostUser" time="1.257"/>
  <testcase classname="api.test.DDTests" name="testPostUser" time="1.249"/>
  <testcase classname="api.test.DDTests" name="testDeleteUserByName" time="1.2"/>
  <testcase classname="api.test.DDTests" name="testDeleteUserByName" time="1.439"/>
  <testcase classname="api.test.DDTests" name="testDeleteUserByName" time="1.136"/>
</testsuite> <!-- PetTest -->
