<?xml version="1.0" encoding="UTF-8"?>
<!-- Generated by org.testng.reporters.JUnitXMLReporter -->
<testsuite ignored="0" hostname="LAPTOP-44JSEHBS" failures="0" tests="10" name="PetTest" time="16.845" errors="0" timestamp="2023-09-10T10:07:15 IST">
  <testcase classname="api.test.UserTests2" name="testPostUser" time="3.212"/>
  <testcase classname="api.test.UserTests2" name="testGetUserByName" time="1.185"/>
  <testcase classname="api.test.UserTests2" name="testUpdateUserByName" time="2.214"/>
  <testcase classname="api.test.UserTests2" name="testDeleteUserByName" time="1.162"/>
  <testcase classname="api.test.DDTests" name="testPostUser" time="1.109"/>
  <testcase classname="api.test.DDTests" name="testPostUser" time="1.118"/>
  <testcase classname="api.test.DDTests" name="testPostUser" time="1.213"/>
  <testcase classname="api.test.DDTests" name="testDeleteUserByName" time="1.188"/>
  <testcase classname="api.test.DDTests" name="testDeleteUserByName" time="1.145"/>
  <testcase classname="api.test.DDTests" name="testDeleteUserByName" time="1.091"/>
</testsuite> <!-- PetTest -->
